# 严格模式

- hive.mapred.mode

	Default Value: 

	- Hive 0.x: nonstrict
	- Hive 1.x: nonstrict
	- Hive 2.x: strict (HIVE-12413)

	Added In: Hive 0.3.0

	The mode in which the Hive operations are being performed. In strict mode, some risky queries are not allowed to run. For example, full table scans are prevented (see HIVE-10454) and `ORDER BY` requires a `LIMIT` clause.

	在严格模式下，不允许执行一些有风险的查询。例如，阻止全表扫描、`ORDER BY` 子句要和 `LIMIT` 子句一起使用

	`ORDER BY` 子句要和 `LIMIT` 子句一起使用的原因：使用 `ORDER BY` 子句，会使用一个 reducer 进行排序最终的输出。如果输出的行太大，那么者单个 reducer 会花费很长的时间才能完成。

- hive.remove.orderby.in.subquery

	Default Value: true

	Added In: Hive 3.0.0 with HIVE-6348

	If set to true, order/sort by without limit in subqueries and views will be removed

	如果是 true, 那么如果子查询和视图中的 order/sort by 没有 limit 子句，那么该子句就会被移除。

```sql
0: jdbc:hive2://zgg-server:10000> explain select * from (select deptid from emps order by deptid) t;
+----------------------------------------------------+
|                      Explain                       |
+----------------------------------------------------+
| STAGE DEPENDENCIES:                                |
|   Stage-0 is a root stage                          |
|                                                    |
| STAGE PLANS:                                       |
|   Stage: Stage-0                                   |
|     Fetch Operator                                 |
|       limit: -1                                    |
|       Processor Tree:                              |
|         TableScan                                  |
|           alias: emps                              |
|           Statistics: Num rows: 4 Data size: 16 Basic stats: COMPLETE Column stats: COMPLETE |
|           Select Operator                          |
|             expressions: deptid (type: int)        |
|             outputColumnNames: _col0               |
|             Statistics: Num rows: 4 Data size: 16 Basic stats: COMPLETE Column stats: COMPLETE |
|             ListSink                               |
|                                                    |
+----------------------------------------------------+

0: jdbc:hive2://zgg-server:10000> explain select * from (select deptid from emps order by deptid limit 2) t;
+----------------------------------------------------+
|                      Explain                       |
+----------------------------------------------------+
| STAGE DEPENDENCIES:                                |
|   Stage-1 is a root stage                          |
|   Stage-0 depends on stages: Stage-1               |
|                                                    |
| STAGE PLANS:                                       |
|   Stage: Stage-1                                   |
|     Map Reduce                                     |
|       Map Operator Tree:                           |
|           TableScan                                |
|             alias: emps                            |
|             Statistics: Num rows: 4 Data size: 16 Basic stats: COMPLETE Column stats: COMPLETE |
|             Select Operator                        |
|               expressions: deptid (type: int)      |
|               outputColumnNames: _col0             |
|               Statistics: Num rows: 4 Data size: 16 Basic stats: COMPLETE Column stats: COMPLETE |
|               Reduce Output Operator               |
|                 key expressions: _col0 (type: int) |
|                 null sort order: z                 |
|                 sort order: +                      |
|                 Statistics: Num rows: 4 Data size: 16 Basic stats: COMPLETE Column stats: COMPLETE |
|                 TopN Hash Memory Usage: 0.1        |
|       Execution mode: vectorized                   |
|       Reduce Operator Tree:                        |
|         Select Operator                            |
|           expressions: KEY.reducesinkkey0 (type: int) |
|           outputColumnNames: _col0                 |
|           Statistics: Num rows: 4 Data size: 16 Basic stats: COMPLETE Column stats: COMPLETE |
|           Limit                                    |
|             Number of rows: 2                      |
|             Statistics: Num rows: 2 Data size: 8 Basic stats: COMPLETE Column stats: COMPLETE |
|             File Output Operator                   |
|               compressed: false                    |
|               Statistics: Num rows: 2 Data size: 8 Basic stats: COMPLETE Column stats: COMPLETE |
|               table:                               |
|                   input format: org.apache.hadoop.mapred.SequenceFileInputFormat |
|                   output format: org.apache.hadoop.hive.ql.io.HiveSequenceFileOutputFormat |
|                   serde: org.apache.hadoop.hive.serde2.lazy.LazySimpleSerDe |
|                                                    |
|   Stage: Stage-0                                   |
|     Fetch Operator                                 |
|       limit: 2                                     |
|       Processor Tree:                              |
|         ListSink                                   |
|                                                    |
+----------------------------------------------------+
```

-----------------------------------------

对于历史版本：

（1）分区表不使用分区过滤

将 `hive.strict.checks.no.partition.filter` 设置为 true 时，对于分区表，除非 where 语句中含有分区字段过滤条件来限制范围，否则不允许执行。

换句话说，就是用户不允许扫描所有分区。

进行这个限制的原因是，通常分区表都拥有非常大的数据集，而且数据增加迅速。

没有进行分区限制的查询可能会消耗令人不可接受的巨大资源来处理这个表。

（2）使用 order by 没有 limit 过滤

将 `hive.strict.checks.orderby.no.limit` 设置为 true 时，对于使用了 order by 语句的查询，要求必须使用 limit 语句。

因为 order by 为了执行排序过程会将所有的结果数据分发到同一个 Reducer 中进行处理，强制要求用户增加这个 LIMIT 语句可以防止 Reducer 额外执行很长一段时间。

（3）笛卡尔积

将 `hive.strict.checks.cartesian.product` 设置为 true 时，会限制笛卡尔积的查询。