# 相关性优化器

先对照如下的执行计划，阅读 [这里](https://github.com/ZGG2016/hive/blob/master/%E5%AE%98%E6%96%B9%E6%96%87%E6%A1%A3%E8%AF%91%E6%96%87/Resources%20for%20Contributors/Hive%20Design%20Docs/Correlation%20Optimizer.md)


开启相关性优化器后，会分析操作符间的相关性，如果存在相关性，就会合并 jobs，以减少 mr jobs 的数量。例如：

	SELECT t1.key, sum(value) FROM t1 JOIN t2 ON (t1.key = t2.key) GROUP BY t1.key;

在本例中，JOIN 操作和 GROUP BY 操作都可能需要 shuffle 输入数据。但是，因为 JOIN 操作的输出是 GROUP BY 操作的输入，并且它已经按 t1.key 分区了，我们就不需要为 GROUP BY 操作 shuffle 数据。

所以，开启此优化器前，运行两个 jobs 执行查询，开启后只需运行一个。

相关性包括：

- 输入关联: 一个输入表被原始操作树中的多个 MapReduce 任务使用
- 作业流关联: 两个相互依赖的 MapReduce 任务以相同的方式 shuffle 数据

```sql
0: jdbc:hive2://zgg-server:10000> select a.id,count(b.name) from depts a join emps b on a.id=b.deptid group by a.id;
...
INFO  : MapReduce Jobs Launched: 
INFO  : Stage-Stage-1: Map: 2  Reduce: 1   Cumulative CPU: 9.13 sec   HDFS Read: 21561 HDFS Write: 134 HDFS EC Read: 0 SUCCESS
INFO  : Stage-Stage-2: Map: 1  Reduce: 1   Cumulative CPU: 2.81 sec   HDFS Read: 9206 HDFS Write: 119 HDFS EC Read: 0 SUCCESS
INFO  : Total MapReduce CPU Time Spent: 11 seconds 940 msec
INFO  : Completed executing command(queryId=root_20240119025001_557be422-7784-4028-8dfd-3d1058c25eb6); Time taken: 95.652 seconds
+-------+------+
| a.id  | _c1  |
+-------+------+
| 1     | 3    |
| 2     | 1    |
+-------+------+
2 rows selected (97.075 seconds)

-- 开启
0: jdbc:hive2://zgg-server:10000> set hive.optimize.correlation=true;
0: jdbc:hive2://zgg-server:10000> select a.id,count(b.name) from depts a join emps b on a.id=b.deptid group by a.id;
...
INFO  : MapReduce Jobs Launched: 
INFO  : Stage-Stage-1: Map: 2  Reduce: 1   Cumulative CPU: 8.47 sec   HDFS Read: 23176 HDFS Write: 119 HDFS EC Read: 0 SUCCESS
INFO  : Total MapReduce CPU Time Spent: 8 seconds 470 msec
INFO  : Completed executing command(queryId=root_20240119025214_06de8704-614a-43b8-b39e-57e1ec95f69a); Time taken: 41.317 seconds
+-------+------+
| a.id  | _c1  |
+-------+------+
| 1     | 3    |
| 2     | 1    |
+-------+------+
2 rows selected (42.13 seconds)
```

开启后的执行计划

```sql
0: jdbc:hive2://zgg-server:10000> explain select a.id,count(b.name) from depts a join emps b on a.id=b.deptid group by a.id;
+----------------------------------------------------+
|                      Explain                       |
+----------------------------------------------------+
| STAGE DEPENDENCIES:                                |
|   Stage-1 is a root stage                          |
|   Stage-0 depends on stages: Stage-1               |
|                                                    |
| STAGE PLANS:                                       |
|   Stage: Stage-1                                   |
|     Map Reduce                                     |
|       Map Operator Tree:                           |
|           TableScan                                |
|             alias: a                               |
|             filterExpr: id is not null (type: boolean) |
|             Statistics: Num rows: 2 Data size: 8 Basic stats: COMPLETE Column stats: COMPLETE |
|             Filter Operator                        |
|               predicate: id is not null (type: boolean) |
|               Statistics: Num rows: 2 Data size: 8 Basic stats: COMPLETE Column stats: COMPLETE |
|               Select Operator                      |
|                 expressions: id (type: int)        |
|                 outputColumnNames: _col0           |
|                 Statistics: Num rows: 2 Data size: 8 Basic stats: COMPLETE Column stats: COMPLETE |
|                 Reduce Output Operator             |
|                   key expressions: _col0 (type: int) |
|                   null sort order: z               |
|                   sort order: +                    |
|                   Map-reduce partition columns: _col0 (type: int) |
|                   Statistics: Num rows: 2 Data size: 8 Basic stats: COMPLETE Column stats: COMPLETE |
|           TableScan                                |
|             alias: b                               |
|             filterExpr: deptid is not null (type: boolean) |
|             Statistics: Num rows: 4 Data size: 360 Basic stats: COMPLETE Column stats: COMPLETE |
|             Filter Operator                        |
|               predicate: deptid is not null (type: boolean) |
|               Statistics: Num rows: 4 Data size: 360 Basic stats: COMPLETE Column stats: COMPLETE |
|               Select Operator                      |
|                 expressions: deptid (type: int), name (type: string) |
|                 outputColumnNames: _col0, _col1    |
|                 Statistics: Num rows: 4 Data size: 360 Basic stats: COMPLETE Column stats: COMPLETE |
|                 Reduce Output Operator             |
|                   key expressions: _col0 (type: int) |
|                   null sort order: z               |
|                   sort order: +                    |
|                   Map-reduce partition columns: _col0 (type: int) |
|                   Statistics: Num rows: 4 Data size: 360 Basic stats: COMPLETE Column stats: COMPLETE |
|                   value expressions: _col1 (type: string) |
|       Reduce Operator Tree:                        |
|         Demux Operator       【将 Reduce 阶段的输入行分派给相应的操作符】                      |
|           Statistics: Num rows: 6 Data size: 368 Basic stats: COMPLETE Column stats: COMPLETE |
|           Join Operator                            |
|             condition map:                         |
|                  Inner Join 0 to 1                 |
|             keys:                                  |
|               0 _col0 (type: int)                  |
|               1 _col0 (type: int)                  |
|             outputColumnNames: _col0, _col2        |
|             Statistics: Num rows: 6 Data size: 404 Basic stats: COMPLETE Column stats: NONE |
|             Mux Operator     【在那些不必要的 ReduceSinkOperators 的原始位置添加了一个名为 MuxOperator 的新操作符】                     |
|               Statistics: Num rows: 6 Data size: 404 Basic stats: COMPLETE Column stats: NONE |
|               Group By Operator                    |
|                 aggregations: count(_col2)         |
|                 keys: _col0 (type: int)            |
|                 mode: complete                     |
|                 outputColumnNames: _col0, _col1    |
|                 Statistics: Num rows: 3 Data size: 202 Basic stats: COMPLETE Column stats: NONE |
|                 File Output Operator               |
|                   compressed: false                |
|                   Statistics: Num rows: 3 Data size: 202 Basic stats: COMPLETE Column stats: NONE |
|                   table:                           |
|                       input format: org.apache.hadoop.mapred.SequenceFileInputFormat |
|                       output format: org.apache.hadoop.hive.ql.io.HiveSequenceFileOutputFormat |
|                       serde: org.apache.hadoop.hive.serde2.lazy.LazySimpleSerDe |
|                                                    |
|   Stage: Stage-0                                   |
|     Fetch Operator                                 |
|       limit: -1                                    |
|       Processor Tree:                              |
|         ListSink                                   |
|                                                    |
+----------------------------------------------------+
```

【作业流关联】判断 Group By Operator 前的 ReduceSinkOperators 和 Join Operator 前的 ReduceSinkOperators 是否相关的条件有三种：

- 来自这两个 ReduceSinkOperators 发出的行以相同的方式排序

- 来自这两个 ReduceSinkOperators 发出的行以相同的方式分区 

- 这些 ReduceSinkOperators 在 reducers 数量上没有任何冲突  

因为一个 JoinOperator 包含一个或多个双向 Join 操作，对于一个 ReduceSinkOperator，我们可以确定出现在相同的连接操作中的另一个 ReduceSinkOperator 是相关的，是基于 Join 类型和具有如下两个规则的 Join 操作中的这些 ReduceSinkOperators 的位置：

- 如果 ReduceSinkOperator 表示 INNER JOIN、LEFT OUTER JOIN 或 LEFT SEMI JOIN 的左表，则表示右表的 ReduceSinkOperator 也被认为是相关的 【right join full join不相关】

- 如果 ReduceSinkOperator 表示 INNER JOIN，或 RIGHT OUTER JOIN 的右表，则表示左表的 ReduceSinkOperator 也被认为是相关的 【left join LEFT SEMI JOIN full join不相关】


[官网](https://cwiki.apache.org/confluence/display/Hive/Correlation+Optimizer)