# 谓词下推测试

[官网描述](https://github.com/ZGG2016/hive/blob/master/%E5%AE%98%E6%96%B9%E6%96%87%E6%A1%A3%E8%AF%91%E6%96%87/Resources%20for%20Contributors/Hive%20Design%20Docs/Filter%20Pushdown.md)

- hive.optimize.index.filter

    Default Value: false

    Whether to enable automatic use of indexes.
  
    Note:  See [Indexing](https://cwiki.apache.org/confluence/display/Hive/Configuration+Properties#ConfigurationProperties-Indexing) for more configuration properties related to Hive indexes.

- hive.optimize.ppd

    Default Value: true

    Whether to enable predicate pushdown (PPD).   启用
  
    Note: Turn on  `hive.optimize.index.filter` as well to use file format specific indexes with PPD.

- hive.optimize.ppd.storage

    Default Value: true

    Whether to push predicates down into storage handlers. Ignored when hive.optimize.ppd is false.

    下推到存储处理器

- hive.ppd.remove.duplicatefilters

    Default Value: true

    During query optimization, filters may be pushed down in the operator tree. If this config is true, only pushed down filters remain in the operator tree, and the original filter is removed. If this config is false, the original filter is also left in the operator tree at the original place.

- hive.ppd.recognizetransivity

    Default Value: true

    Whether to transitively replicate predicate filters over equijoin conditions.


```sql
create table tb_ratings_p(uid int, mid int, rating double) partitioned by(rating_time string);
insert into tb_ratings_p partition(rating_time='2022') values(1,608,4.0),(1,1246,4.0),(2,1357,5.0),(2,3068,4.0);
insert into tb_ratings_p partition(rating_time='2023') values(1,608,4.0),(1,1246,4.0),(2,1357,5.0),(2,3068,4.0);

0: jdbc:hive2://localhost:10000> select * from tb_ratings_p;
+-------------------+-------------------+----------------------+---------------------------+
| tb_ratings_p.uid  | tb_ratings_p.mid  | tb_ratings_p.rating  | tb_ratings_p.rating_time  |
+-------------------+-------------------+----------------------+---------------------------+
| 1                 | 608               | 4.0                  | 2022                      |
| 1                 | 1246              | 4.0                  | 2022                      |
| 2                 | 1357              | 5.0                  | 2022                      |
| 2                 | 3068              | 4.0                  | 2022                      |
| 1                 | 608               | 4.0                  | 2023                      |
| 1                 | 1246              | 4.0                  | 2023                      |
| 2                 | 1357              | 5.0                  | 2023                      |
| 2                 | 3068              | 4.0                  | 2023                      |
+-------------------+-------------------+----------------------+---------------------------+

create table tb_users_p(uid int, gender string, age int, occupation int, zipcode int) partitioned by(year string);
insert into tb_users_p partition(year='2022') select * from tb_users where uid in (1,2,3);
insert into tb_users_p partition(year='2023') select * from tb_users where uid in (1,2,3);

0: jdbc:hive2://localhost:10000> select * from tb_users_p;
+-----------------+--------------------+-----------------+------------------------+---------------------+------------------+
| tb_users_p.uid  | tb_users_p.gender  | tb_users_p.age  | tb_users_p.occupation  | tb_users_p.zipcode  | tb_users_p.year  |
+-----------------+--------------------+-----------------+------------------------+---------------------+------------------+
| 1               | F                  | 1               | 10                     | 48067               | 2022             |
| 2               | M                  | 56              | 16                     | 70072               | 2022             |
| 3               | M                  | 25              | 15                     | 55117               | 2022             |
| 1               | F                  | 1               | 10                     | 48067               | 2023             |
| 2               | M                  | 56              | 16                     | 70072               | 2023             |
| 3               | M                  | 25              | 15                     | 55117               | 2023             |
+-----------------+--------------------+-----------------+------------------------+---------------------+------------------+
```

谓词是连接条件列，会同时下推两表

```sql
0: jdbc:hive2://zgg-server:10000> explain select a.*, b.* from tb_users_p a left join tb_ratings_p b on a.uid=b.uid where a.uid='1';
+----------------------------------------------------+
|                      Explain                       |
+----------------------------------------------------+
| STAGE DEPENDENCIES:                                |
|   Stage-1 is a root stage                          |
|   Stage-0 depends on stages: Stage-1               |
|                                                    |
| STAGE PLANS:                                       |
|   Stage: Stage-1                                   |
|     Map Reduce                                     |
|       Map Operator Tree:                           |
|           TableScan                                |
|             alias: a                               |
|             filterExpr: (uid = 1) (type: boolean)  |
|             Statistics: Num rows: 6 Data size: 1710 Basic stats: COMPLETE Column stats: COMPLETE |
|             Filter Operator                        |
|               predicate: (uid = 1) (type: boolean) |
|               Statistics: Num rows: 2 Data size: 570 Basic stats: COMPLETE Column stats: COMPLETE |
|               Select Operator                      |
|                 expressions: gender (type: string), age (type: int), occupation (type: int), zipcode (type: int), year (type: string) |
|                 outputColumnNames: _col0, _col1, _col2, _col3, _col4 |
|                 Statistics: Num rows: 2 Data size: 562 Basic stats: COMPLETE Column stats: COMPLETE |
|                 Reduce Output Operator             |
|                   null sort order:                 |
|                   sort order:                      |
|                   Statistics: Num rows: 2 Data size: 562 Basic stats: COMPLETE Column stats: COMPLETE |
|                   value expressions: _col0 (type: string), _col1 (type: int), _col2 (type: int), _col3 (type: int), _col4 (type: string) |
|           TableScan                                |
|             alias: b                               |
|             filterExpr: (uid = 1) (type: boolean)  |
|             Statistics: Num rows: 8 Data size: 1600 Basic stats: COMPLETE Column stats: COMPLETE |
|             Filter Operator                        |
|               predicate: (uid = 1) (type: boolean) |
|               Statistics: Num rows: 4 Data size: 800 Basic stats: COMPLETE Column stats: COMPLETE |
|               Select Operator                      |
|                 expressions: 1 (type: int), mid (type: int), rating (type: double), rating_time (type: string) |
|                 outputColumnNames: _col0, _col1, _col2, _col3 |
|                 Statistics: Num rows: 4 Data size: 800 Basic stats: COMPLETE Column stats: COMPLETE |
|                 Reduce Output Operator             |
|                   null sort order:                 |
|                   sort order:                      |
|                   Statistics: Num rows: 4 Data size: 800 Basic stats: COMPLETE Column stats: COMPLETE |
|                   value expressions: _col0 (type: int), _col1 (type: int), _col2 (type: double), _col3 (type: string) |
```

以 left join 为例，过滤条件在不同子句上

`set hive.optimize.ppd=true` 启用

```sql
-- 过滤条件都在where子句上
-- a 下推
-- b 下推
0: jdbc:hive2://zgg-server:10000> explain select a.*, b.* from tb_users_p a left join tb_ratings_p b on a.uid=b.uid where a.year='2022' and b.rating_time='2022';
+----------------------------------------------------+
|                      Explain                       |
+----------------------------------------------------+
| STAGE DEPENDENCIES:                                |
|   Stage-1 is a root stage                          |
|   Stage-0 depends on stages: Stage-1               |
|                                                    |
| STAGE PLANS:                                       |
|   Stage: Stage-1                                   |
|     Map Reduce                                     |
|       Map Operator Tree:                           |
|           TableScan                                |
|             alias: a                               |
|             filterExpr: ((year = '2022') and uid is not null) (type: boolean) |
|             Statistics: Num rows: 3 Data size: 303 Basic stats: COMPLETE Column stats: COMPLETE |   【3条】 
|             Filter Operator                        |
|               predicate: uid is not null (type: boolean) |
|               Statistics: Num rows: 3 Data size: 303 Basic stats: COMPLETE Column stats: COMPLETE |
|               Select Operator                      |
|                 expressions: uid (type: int), gender (type: string), age (type: int), occupation (type: int), zipcode (type: int) |
|                 outputColumnNames: _col0, _col1, _col2, _col3, _col4 |
|                 Statistics: Num rows: 3 Data size: 303 Basic stats: COMPLETE Column stats: COMPLETE |
|                 Reduce Output Operator             |
|                   key expressions: _col0 (type: int) |
|                   null sort order: z               |
|                   sort order: +                    |
|                   Map-reduce partition columns: _col0 (type: int) |
|                   Statistics: Num rows: 3 Data size: 303 Basic stats: COMPLETE Column stats: COMPLETE |
|                   value expressions: _col1 (type: string), _col2 (type: int), _col3 (type: int), _col4 (type: int) |
|           TableScan                                |
|             alias: b                               |
|             filterExpr: ((rating_time = '2022') and uid is not null) (type: boolean) |
|             Statistics: Num rows: 4 Data size: 64 Basic stats: COMPLETE Column stats: COMPLETE |  【4条】 
|             Filter Operator                        |
|               predicate: uid is not null (type: boolean) |
|               Statistics: Num rows: 4 Data size: 64 Basic stats: COMPLETE Column stats: COMPLETE |
|               Select Operator                      |
|                 expressions: uid (type: int), mid (type: int), rating (type: double) |
|                 outputColumnNames: _col0, _col1, _col2 |
|                 Statistics: Num rows: 4 Data size: 64 Basic stats: COMPLETE Column stats: COMPLETE |
|                 Reduce Output Operator             |
|                   key expressions: _col0 (type: int) |
|                   null sort order: z               |
|                   sort order: +                    |
|                   Map-reduce partition columns: _col0 (type: int) |
|                   Statistics: Num rows: 4 Data size: 64 Basic stats: COMPLETE Column stats: COMPLETE |
|                   value expressions: _col1 (type: int), _col2 (type: double) |
|       Reduce Operator Tree:                        |
|         Join Operator                              |
|           condition map:                           |
|                Inner Join 0 to 1                   |
|           keys:                                    |
|             0 _col0 (type: int)                    |
|             1 _col0 (type: int)                    |
|           outputColumnNames: _col0, _col1, _col2, _col3, _col4, _col5, _col6, _col7 |
|           Statistics: Num rows: 4 Data size: 468 Basic stats: COMPLETE Column stats: COMPLETE |
|           Select Operator                          |
|             expressions: _col0 (type: int), _col1 (type: string), _col2 (type: int), _col3 (type: int), _col4 (type: int), '2022' (type: string), _col5 (type: int), _col6 (type: int), _col7 (type: double), '2022' (type: string) |
|             outputColumnNames: _col0, _col1, _col2, _col3, _col4, _col5, _col6, _col7, _col8, _col9 |
|             Statistics: Num rows: 4 Data size: 1172 Basic stats: COMPLETE Column stats: COMPLETE |
|             File Output Operator                   |
|               compressed: false                    |
|               Statistics: Num rows: 4 Data size: 1172 Basic stats: COMPLETE Column stats: COMPLETE |
|               table:                               |
|                   input format: org.apache.hadoop.mapred.SequenceFileInputFormat |
|                   output format: org.apache.hadoop.hive.ql.io.HiveSequenceFileOutputFormat |
|                   serde: org.apache.hadoop.hive.serde2.lazy.LazySimpleSerDe |
|                                                    |
|   Stage: Stage-0                                   |
|     Fetch Operator                                 |
|       limit: -1                                    |
|       Processor Tree:                              |
|         ListSink                                   |
|                                                    |
+----------------------------------------------------+
```

过滤条件都在on子句上

- a 未下推
- b 下推

```sql
0: jdbc:hive2://zgg-server:10000> explain select a.*, b.* from tb_users_p a left join tb_ratings_p b on a.uid=b.uid and a.year='2022' and b.rating_time='2022';
+----------------------------------------------------+
|                      Explain                       |
+----------------------------------------------------+
| STAGE DEPENDENCIES:                                |
|   Stage-1 is a root stage                          |
|   Stage-0 depends on stages: Stage-1               |
|                                                    |
| STAGE PLANS:                                       |
|   Stage: Stage-1                                   |
|     Map Reduce                                     |
|       Map Operator Tree:                           |
|           TableScan                                |
|             alias: a                               |
|             Statistics: Num rows: 6 Data size: 1710 Basic stats: COMPLETE Column stats: COMPLETE |   【6条】 
|             Select Operator                        |
|               expressions: uid (type: int), gender (type: string), age (type: int), occupation (type: int), zipcode (type: int), year (type: string), (year = '2022') (type: boolean) |
|               outputColumnNames: _col0, _col1, _col2, _col3, _col4, _col5, _col6 |
|               Statistics: Num rows: 6 Data size: 1734 Basic stats: COMPLETE Column stats: COMPLETE |
|               Reduce Output Operator               |
|                 key expressions: _col0 (type: int) |
|                 null sort order: z                 |
|                 sort order: +                      |
|                 Map-reduce partition columns: _col0 (type: int) |
|                 Statistics: Num rows: 6 Data size: 1734 Basic stats: COMPLETE Column stats: COMPLETE |
|                 value expressions: _col1 (type: string), _col2 (type: int), _col3 (type: int), _col4 (type: int), _col5 (type: string), _col6 (type: boolean) |
|           TableScan                                |
|             alias: b                               |
|             filterExpr: ((rating_time = '2022') and uid is not null) (type: boolean) |
|             Statistics: Num rows: 4 Data size: 64 Basic stats: COMPLETE Column stats: COMPLETE |  【4条】 
|             Filter Operator                        |
|               predicate: uid is not null (type: boolean) |
|               Statistics: Num rows: 4 Data size: 64 Basic stats: COMPLETE Column stats: COMPLETE |
|               Select Operator                      |
|                 expressions: uid (type: int), mid (type: int), rating (type: double), '2022' (type: string) |
|                 outputColumnNames: _col0, _col1, _col2, _col3 |
|                 Statistics: Num rows: 4 Data size: 416 Basic stats: COMPLETE Column stats: COMPLETE |
|                 Reduce Output Operator             |
|                   key expressions: _col0 (type: int) |
|                   null sort order: z               |
|                   sort order: +                    |
|                   Map-reduce partition columns: _col0 (type: int) |
|                   Statistics: Num rows: 4 Data size: 416 Basic stats: COMPLETE Column stats: COMPLETE |
|                   value expressions: _col1 (type: int), _col2 (type: double), _col3 (type: string) |
|       Reduce Operator Tree:                        |
|         Join Operator                              |
|           condition map:                           |
|                Left Outer Join 0 to 1              |
|           filter predicates:            【过滤】           |
|             0 {VALUE._col5}                        |
|             1                                      |
|           keys:                                    |
|             0 _col0 (type: int)                    |
|             1 _col0 (type: int)                    |
|           outputColumnNames: _col0, _col1, _col2, _col3, _col4, _col5, _col7, _col8, _col9, _col10 |
|           Statistics: Num rows: 11 Data size: 4071 Basic stats: COMPLETE Column stats: COMPLETE |
|           Select Operator                          |
|             expressions: _col0 (type: int), _col1 (type: string), _col2 (type: int), _col3 (type: int), _col4 (type: int), _col5 (type: string), _col7 (type: int), _col8 (type: int), _col9 (type: double), _col10 (type: string) |
|             outputColumnNames: _col0, _col1, _col2, _col3, _col4, _col5, _col6, _col7, _col8, _col9 |
|             Statistics: Num rows: 11 Data size: 4071 Basic stats: COMPLETE Column stats: COMPLETE |
|             File Output Operator                   |
|               compressed: false                    |
|               Statistics: Num rows: 11 Data size: 4071 Basic stats: COMPLETE Column stats: COMPLETE |
|               table:                               |
|                   input format: org.apache.hadoop.mapred.SequenceFileInputFormat |
|                   output format: org.apache.hadoop.hive.ql.io.HiveSequenceFileOutputFormat |
|                   serde: org.apache.hadoop.hive.serde2.lazy.LazySimpleSerDe |
|                                                    |
|   Stage: Stage-0                                   |
|     Fetch Operator                                 |
|       limit: -1                                    |
|       Processor Tree:                              |
|         ListSink                                   |
|                                                    |
+----------------------------------------------------+
```

过滤条件 a在on子句上，b在where，反之也都会下推

- a 下推
- b 下推

```sql
0: jdbc:hive2://zgg-server:10000> explain select a.*, b.* from tb_users_p a left join tb_ratings_p b on a.uid=b.uid and a.year='2022' where b.rating_time='2022';
+----------------------------------------------------+
|                      Explain                       |
+----------------------------------------------------+
| STAGE DEPENDENCIES:                                |
|   Stage-1 is a root stage                          |
|   Stage-0 depends on stages: Stage-1               |
|                                                    |
| STAGE PLANS:                                       |
|   Stage: Stage-1                                   |
|     Map Reduce                                     |
|       Map Operator Tree:                           |
|           TableScan                                |
|             alias: a                               |
|             filterExpr: ((year = '2022') and uid is not null) (type: boolean) |
|             Statistics: Num rows: 3 Data size: 303 Basic stats: COMPLETE Column stats: COMPLETE |  【3条】 
|             Filter Operator                        |
|               predicate: uid is not null (type: boolean) |
|               Statistics: Num rows: 3 Data size: 303 Basic stats: COMPLETE Column stats: COMPLETE |
|               Select Operator                      |
|                 expressions: uid (type: int), gender (type: string), age (type: int), occupation (type: int), zipcode (type: int) |
|                 outputColumnNames: _col0, _col1, _col2, _col3, _col4 |
|                 Statistics: Num rows: 3 Data size: 303 Basic stats: COMPLETE Column stats: COMPLETE |
|                 Reduce Output Operator             |
|                   key expressions: _col0 (type: int) |
|                   null sort order: z               |
|                   sort order: +                    |
|                   Map-reduce partition columns: _col0 (type: int) |
|                   Statistics: Num rows: 3 Data size: 303 Basic stats: COMPLETE Column stats: COMPLETE |
|                   value expressions: _col1 (type: string), _col2 (type: int), _col3 (type: int), _col4 (type: int) |
|           TableScan                                |
|             alias: b                               |
|             filterExpr: ((rating_time = '2022') and uid is not null) (type: boolean) |
|             Statistics: Num rows: 4 Data size: 64 Basic stats: COMPLETE Column stats: COMPLETE |   【4条】 
|             Filter Operator                        |
|               predicate: uid is not null (type: boolean) |
|               Statistics: Num rows: 4 Data size: 64 Basic stats: COMPLETE Column stats: COMPLETE |
|               Select Operator                      |
|                 expressions: uid (type: int), mid (type: int), rating (type: double) |
|                 outputColumnNames: _col0, _col1, _col2 |
|                 Statistics: Num rows: 4 Data size: 64 Basic stats: COMPLETE Column stats: COMPLETE |
|                 Reduce Output Operator             |
|                   key expressions: _col0 (type: int) |
|                   null sort order: z               |
|                   sort order: +                    |
|                   Map-reduce partition columns: _col0 (type: int) |
|                   Statistics: Num rows: 4 Data size: 64 Basic stats: COMPLETE Column stats: COMPLETE |
|                   value expressions: _col1 (type: int), _col2 (type: double) |
|       Reduce Operator Tree:                        |
|         Join Operator                              |
|           condition map:                           |
|                Inner Join 0 to 1                   |
|           keys:                                    |
|             0 _col0 (type: int)                    |
|             1 _col0 (type: int)                    |
|           outputColumnNames: _col0, _col1, _col2, _col3, _col4, _col5, _col6, _col7 |
|           Statistics: Num rows: 4 Data size: 468 Basic stats: COMPLETE Column stats: COMPLETE |
|           Select Operator                          |
|             expressions: _col0 (type: int), _col1 (type: string), _col2 (type: int), _col3 (type: int), _col4 (type: int), '2022' (type: string), _col5 (type: int), _col6 (type: int), _col7 (type: double), '2022' (type: string) |
|             outputColumnNames: _col0, _col1, _col2, _col3, _col4, _col5, _col6, _col7, _col8, _col9 |
|             Statistics: Num rows: 4 Data size: 1172 Basic stats: COMPLETE Column stats: COMPLETE |
|             File Output Operator                   |
|               compressed: false                    |
|               Statistics: Num rows: 4 Data size: 1172 Basic stats: COMPLETE Column stats: COMPLETE |
|               table:                               |
|                   input format: org.apache.hadoop.mapred.SequenceFileInputFormat |
|                   output format: org.apache.hadoop.hive.ql.io.HiveSequenceFileOutputFormat |
|                   serde: org.apache.hadoop.hive.serde2.lazy.LazySimpleSerDe |
|                                                    |
|   Stage: Stage-0                                   |
|     Fetch Operator                                 |
|       limit: -1                                    |
|       Processor Tree:                              |
|         ListSink                                   |
|                                                    |
+----------------------------------------------------+
```

过滤条件 a在on子句上，b在join内的where

- a 不下推
- b 下推

```sql
0: jdbc:hive2://zgg-server:10000> explain select a.*, b.* from tb_users_p a left join (select * from tb_ratings_p where rating_time='2022') b on a.uid=b.uid and a.year='2022';
+----------------------------------------------------+
|                      Explain                       |
+----------------------------------------------------+
| STAGE DEPENDENCIES:                                |
|   Stage-1 is a root stage                          |
|   Stage-0 depends on stages: Stage-1               |
|                                                    |
| STAGE PLANS:                                       |
|   Stage: Stage-1                                   |
|     Map Reduce                                     |
|       Map Operator Tree:                           |
|           TableScan                                |
|             alias: a                               |
|             Statistics: Num rows: 6 Data size: 1710 Basic stats: COMPLETE Column stats: COMPLETE |  【6条】 
|             Select Operator                        |
|               expressions: uid (type: int), gender (type: string), age (type: int), occupation (type: int), zipcode (type: int), year (type: string), (year = '2022') (type: boolean) |
|               outputColumnNames: _col0, _col1, _col2, _col3, _col4, _col5, _col6 |
|               Statistics: Num rows: 6 Data size: 1734 Basic stats: COMPLETE Column stats: COMPLETE |
|               Reduce Output Operator               |
|                 key expressions: _col0 (type: int) |
|                 null sort order: z                 |
|                 sort order: +                      |
|                 Map-reduce partition columns: _col0 (type: int) |
|                 Statistics: Num rows: 6 Data size: 1734 Basic stats: COMPLETE Column stats: COMPLETE |
|                 value expressions: _col1 (type: string), _col2 (type: int), _col3 (type: int), _col4 (type: int), _col5 (type: string), _col6 (type: boolean) |
|           TableScan                                |
|             alias: tb_ratings_p                    |
|             filterExpr: ((rating_time = '2022') and uid is not null) (type: boolean) |
|             Statistics: Num rows: 4 Data size: 64 Basic stats: COMPLETE Column stats: COMPLETE |  【4条】 
|             Filter Operator                        |
|               predicate: uid is not null (type: boolean) |
|               Statistics: Num rows: 4 Data size: 64 Basic stats: COMPLETE Column stats: COMPLETE |
|               Select Operator                      |
|                 expressions: uid (type: int), mid (type: int), rating (type: double), '2022' (type: string) |
|                 outputColumnNames: _col0, _col1, _col2, _col3 |
|                 Statistics: Num rows: 4 Data size: 416 Basic stats: COMPLETE Column stats: COMPLETE |
|                 Reduce Output Operator             |
|                   key expressions: _col0 (type: int) |
|                   null sort order: z               |
|                   sort order: +                    |
|                   Map-reduce partition columns: _col0 (type: int) |
|                   Statistics: Num rows: 4 Data size: 416 Basic stats: COMPLETE Column stats: COMPLETE |
|                   value expressions: _col1 (type: int), _col2 (type: double), _col3 (type: string) |
|       Reduce Operator Tree:                        |
|         Join Operator                              |
|           condition map:                           |
|                Left Outer Join 0 to 1              |
|           filter predicates:                       |
|             0 {VALUE._col5}                        |
|             1                                      |
|           keys:                                    |
|             0 _col0 (type: int)                    |
|             1 _col0 (type: int)                    |
|           outputColumnNames: _col0, _col1, _col2, _col3, _col4, _col5, _col7, _col8, _col9, _col10 |
|           Statistics: Num rows: 11 Data size: 4071 Basic stats: COMPLETE Column stats: COMPLETE |
|           Select Operator                          |
|             expressions: _col0 (type: int), _col1 (type: string), _col2 (type: int), _col3 (type: int), _col4 (type: int), _col5 (type: string), _col7 (type: int), _col8 (type: int), _col9 (type: double), _col10 (type: string) |
|             outputColumnNames: _col0, _col1, _col2, _col3, _col4, _col5, _col6, _col7, _col8, _col9 |
|             Statistics: Num rows: 11 Data size: 4071 Basic stats: COMPLETE Column stats: COMPLETE |
|             File Output Operator                   |
|               compressed: false                    |
|               Statistics: Num rows: 11 Data size: 4071 Basic stats: COMPLETE Column stats: COMPLETE |
|               table:                               |
|                   input format: org.apache.hadoop.mapred.SequenceFileInputFormat |
|                   output format: org.apache.hadoop.hive.ql.io.HiveSequenceFileOutputFormat |
|                   serde: org.apache.hadoop.hive.serde2.lazy.LazySimpleSerDe |
|                                                    |
|   Stage: Stage-0                                   |
|     Fetch Operator                                 |
|       limit: -1                                    |
|       Processor Tree:                              |
|         ListSink                                   |
|                                                    |
+----------------------------------------------------+
```


过滤条件 b在on子句上，a在join内的where

- a 下推
- b 下推

```sql
0: jdbc:hive2://zgg-server:10000> explain select a.*, b.* from (select * from tb_users_p where year='2022') a left join tb_ratings_p b on a.uid=b.uid and b.rating_time='2022';
+----------------------------------------------------+
|                      Explain                       |
+----------------------------------------------------+
| STAGE DEPENDENCIES:                                |
|   Stage-1 is a root stage                          |
|   Stage-0 depends on stages: Stage-1               |
|                                                    |
| STAGE PLANS:                                       |
|   Stage: Stage-1                                   |
|     Map Reduce                                     |
|       Map Operator Tree:                           |
|           TableScan                                |
|             alias: tb_users_p                      |
|             filterExpr: (year = '2022') (type: boolean) |
|             Statistics: Num rows: 3 Data size: 303 Basic stats: COMPLETE Column stats: COMPLETE |  【3条】 
|             Select Operator                        |
|               expressions: uid (type: int), gender (type: string), age (type: int), occupation (type: int), zipcode (type: int) |
|               outputColumnNames: _col0, _col1, _col2, _col3, _col4 |
|               Statistics: Num rows: 3 Data size: 303 Basic stats: COMPLETE Column stats: COMPLETE |
|               Reduce Output Operator               |
|                 key expressions: _col0 (type: int) |
|                 null sort order: z                 |
|                 sort order: +                      |
|                 Map-reduce partition columns: _col0 (type: int) |
|                 Statistics: Num rows: 3 Data size: 303 Basic stats: COMPLETE Column stats: COMPLETE |
|                 value expressions: _col1 (type: string), _col2 (type: int), _col3 (type: int), _col4 (type: int) |
|           TableScan                                |
|             alias: b                               |
|             filterExpr: ((rating_time = '2022') and uid is not null) (type: boolean) |
|             Statistics: Num rows: 4 Data size: 64 Basic stats: COMPLETE Column stats: COMPLETE |  【4条】 
|             Filter Operator                        |
|               predicate: uid is not null (type: boolean) |
|               Statistics: Num rows: 4 Data size: 64 Basic stats: COMPLETE Column stats: COMPLETE |
|               Select Operator                      |
|                 expressions: uid (type: int), mid (type: int), rating (type: double), '2022' (type: string) |
|                 outputColumnNames: _col0, _col1, _col2, _col3 |
|                 Statistics: Num rows: 4 Data size: 416 Basic stats: COMPLETE Column stats: COMPLETE |
|                 Reduce Output Operator             |
|                   key expressions: _col0 (type: int) |
|                   null sort order: z               |
|                   sort order: +                    |
|                   Map-reduce partition columns: _col0 (type: int) |
|                   Statistics: Num rows: 4 Data size: 416 Basic stats: COMPLETE Column stats: COMPLETE |
|                   value expressions: _col1 (type: int), _col2 (type: double), _col3 (type: string) |
|       Reduce Operator Tree:                        |
|         Join Operator                              |
|           condition map:                           |
|                Left Outer Join 0 to 1              |
|           keys:                                    |
|             0 _col0 (type: int)                    |
|             1 _col0 (type: int)                    |
|           outputColumnNames: _col0, _col1, _col2, _col3, _col4, _col5, _col6, _col7, _col8 |
|           Statistics: Num rows: 4 Data size: 820 Basic stats: COMPLETE Column stats: COMPLETE |
|           Select Operator                          |
|             expressions: _col0 (type: int), _col1 (type: string), _col2 (type: int), _col3 (type: int), _col4 (type: int), '2022' (type: string), _col5 (type: int), _col6 (type: int), _col7 (type: double), _col8 (type: string) |
|             outputColumnNames: _col0, _col1, _col2, _col3, _col4, _col5, _col6, _col7, _col8, _col9 |
|             Statistics: Num rows: 4 Data size: 1172 Basic stats: COMPLETE Column stats: COMPLETE |
|             File Output Operator                   |
|               compressed: false                    |
|               Statistics: Num rows: 4 Data size: 1172 Basic stats: COMPLETE Column stats: COMPLETE |
|               table:                               |
|                   input format: org.apache.hadoop.mapred.SequenceFileInputFormat |
|                   output format: org.apache.hadoop.hive.ql.io.HiveSequenceFileOutputFormat |
|                   serde: org.apache.hadoop.hive.serde2.lazy.LazySimpleSerDe |
|                                                    |
|   Stage: Stage-0                                   |
|     Fetch Operator                                 |
|       limit: -1                                    |
|       Processor Tree:                              |
|         ListSink                                   |
|                                                    |
+----------------------------------------------------+
```